.build/expo-dev-launcher/intermediates/manifest_merge_blame_file/debug/processDebugManifest/manifest-merger-blame-debug-report.txt
1<?xml version="1.0" encoding="utf-8"?>
2<manifest xmlns:android="http://schemas.android.com/apk/res/android"
3    package="expo.modules.devlauncher" >
4
5    <uses-sdk android:minSdkVersion="24" />
6
7    <queries>
7-->src\debug\AndroidManifest.xml:31:3-33:13
8        <package android:name="host.exp.exponent" />
8-->src\debug\AndroidManifest.xml:32:5-49
8-->src\debug\AndroidManifest.xml:32:14-46
9    </queries>
10
11    <application>
11-->src\main\AndroidManifest.xml:2:3-6:17
12        <activity
12-->src\debug\AndroidManifest.xml:4:5-8:69
13            android:name="expo.modules.devlauncher.launcher.DevLauncherActivity"
13-->src\debug\AndroidManifest.xml:5:7-75
14            android:exported="true"
14-->src\debug\AndroidManifest.xml:6:7-30
15            android:launchMode="singleTask"
15-->src\debug\AndroidManifest.xml:7:7-38
16            android:theme="@style/Theme.AppCompat.DayNight.NoActionBar" />
16-->src\debug\AndroidManifest.xml:8:7-66
17        <activity
17-->src\debug\AndroidManifest.xml:10:5-23:16
18            android:name="expo.modules.devlauncher.compose.AuthActivity"
18-->src\debug\AndroidManifest.xml:11:7-67
19            android:exported="true"
19-->src\debug\AndroidManifest.xml:12:7-30
20            android:launchMode="singleTask"
20-->src\debug\AndroidManifest.xml:13:7-38
21            android:theme="@style/Theme.AppCompat.DayNight.NoActionBar" >
21-->src\debug\AndroidManifest.xml:14:7-66
22            <intent-filter>
22-->src\debug\AndroidManifest.xml:15:7-22:23
23                <action android:name="android.intent.action.VIEW" />
23-->src\debug\AndroidManifest.xml:16:9-61
23-->src\debug\AndroidManifest.xml:16:17-58
24
25                <category android:name="android.intent.category.DEFAULT" />
25-->src\debug\AndroidManifest.xml:18:9-68
25-->src\debug\AndroidManifest.xml:18:19-65
26                <category android:name="android.intent.category.BROWSABLE" />
26-->src\debug\AndroidManifest.xml:19:9-70
26-->src\debug\AndroidManifest.xml:19:19-67
27
28                <data android:scheme="expo-dev-launcher" />
28-->src\debug\AndroidManifest.xml:21:9-52
28-->src\debug\AndroidManifest.xml:21:15-49
29            </intent-filter>
30        </activity>
31        <activity
31-->src\debug\AndroidManifest.xml:25:5-28:64
32            android:name="expo.modules.devlauncher.launcher.errors.DevLauncherErrorActivity"
32-->src\debug\AndroidManifest.xml:26:7-87
33            android:screenOrientation="portrait"
33-->src\debug\AndroidManifest.xml:27:7-43
34            android:theme="@style/Theme.DevLauncher.ErrorActivity" />
34-->src\debug\AndroidManifest.xml:28:7-61
35
36        <meta-data
36-->src\main\AndroidManifest.xml:3:5-5:35
37            android:name="com.google.mlkit.vision.DEPENDENCIES"
37-->src\main\AndroidManifest.xml:4:7-58
38            android:value="barcode_ui" />
38-->src\main\AndroidManifest.xml:5:7-33
39    </application>
40
41</manifest>